2025-01-18 11:49:26,322:INFO:127.0.0.1 - - [18/Jan/2025 11:49:26] "GET / HTTP/1.1" 200 -
2025-01-18 11:49:26,420:INFO:127.0.0.1 - - [18/Jan/2025 11:49:26] "GET /static/style.css HTTP/1.1" 200 -
2025-01-18 11:49:27,385:INFO:Uploaded file saved to: uploads\unlinearing.pdf
2025-01-18 11:49:27,385:INFO:Opening PDF file: uploads\unlinearing.pdf
2025-01-18 11:49:27,402:INFO:Number of pages: 35
2025-01-18 11:49:27,422:DEBUG:Extracted text from page 0
2025-01-18 11:49:27,432:DEBUG:Extracted text from page 1
2025-01-18 11:49:27,448:DEBUG:Extracted text from page 2
2025-01-18 11:49:27,464:DEBUG:Extracted text from page 3
2025-01-18 11:49:27,480:DEBUG:Extracted text from page 4
2025-01-18 11:49:27,496:DEBUG:Extracted text from page 5
2025-01-18 11:49:27,514:DEBUG:Extracted text from page 6
2025-01-18 11:49:27,528:DEBUG:Extracted text from page 7
2025-01-18 11:49:27,544:DEBUG:Extracted text from page 8
2025-01-18 11:49:27,559:DEBUG:Extracted text from page 9
2025-01-18 11:49:27,575:DEBUG:Extracted text from page 10
2025-01-18 11:49:27,591:DEBUG:Extracted text from page 11
2025-01-18 11:49:27,604:DEBUG:Extracted text from page 12
2025-01-18 11:49:27,609:DEBUG:Extracted text from page 13
2025-01-18 11:49:27,626:DEBUG:Extracted text from page 14
2025-01-18 11:49:27,639:DEBUG:Extracted text from page 15
2025-01-18 11:49:27,664:DEBUG:Extracted text from page 16
2025-01-18 11:49:27,681:DEBUG:Extracted text from page 17
2025-01-18 11:49:27,686:DEBUG:Extracted text from page 18
2025-01-18 11:49:27,702:DEBUG:Extracted text from page 19
2025-01-18 11:49:27,731:DEBUG:Extracted text from page 20
2025-01-18 11:49:27,736:DEBUG:Extracted text from page 21
2025-01-18 11:49:27,750:DEBUG:Extracted text from page 22
2025-01-18 11:49:27,766:DEBUG:Extracted text from page 23
2025-01-18 11:49:27,782:DEBUG:Extracted text from page 24
2025-01-18 11:49:27,797:DEBUG:Extracted text from page 25
2025-01-18 11:49:27,797:DEBUG:Extracted text from page 26
2025-01-18 11:49:27,813:DEBUG:Extracted text from page 27
2025-01-18 11:49:27,822:DEBUG:Extracted text from page 28
2025-01-18 11:49:27,829:DEBUG:Extracted text from page 29
2025-01-18 11:49:27,847:DEBUG:Extracted text from page 30
2025-01-18 11:49:27,847:DEBUG:Extracted text from page 31
2025-01-18 11:49:27,861:DEBUG:Extracted text from page 32
2025-01-18 11:49:27,877:DEBUG:Extracted text from page 33
2025-01-18 11:49:27,877:DEBUG:Extracted text from page 34
2025-01-18 11:49:43,045:INFO:127.0.0.1 - - [18/Jan/2025 11:49:43] "POST /upload HTTP/1.1" 200 -
2025-01-18 11:49:43,073:INFO:127.0.0.1 - - [18/Jan/2025 11:49:43] "[36mGET /static/style.css HTTP/1.1[0m" 304 -
2025-01-18 11:50:52,655:INFO:Uploaded file saved to: uploads\Leo Booklet(standard).pdf
2025-01-18 11:50:52,655:INFO:Opening PDF file: uploads\Leo Booklet(standard).pdf
2025-01-18 11:50:52,682:INFO:Number of pages: 38
2025-01-18 11:50:52,686:DEBUG:Extracted text from page 0
2025-01-18 11:50:52,784:DEBUG:Extracted text from page 1
2025-01-18 11:50:52,797:DEBUG:Extracted text from page 2
2025-01-18 11:50:52,829:DEBUG:Extracted text from page 3
2025-01-18 11:50:52,847:DEBUG:Extracted text from page 4
2025-01-18 11:50:52,861:DEBUG:Extracted text from page 5
2025-01-18 11:50:52,882:DEBUG:Extracted text from page 6
2025-01-18 11:50:52,895:DEBUG:Extracted text from page 7
2025-01-18 11:50:52,924:DEBUG:Extracted text from page 8
2025-01-18 11:50:52,977:DEBUG:Extracted text from page 9
2025-01-18 11:50:53,005:DEBUG:Extracted text from page 10
2025-01-18 11:50:53,018:DEBUG:Extracted text from page 11
2025-01-18 11:50:53,050:DEBUG:Extracted text from page 12
2025-01-18 11:50:53,145:DEBUG:Extracted text from page 13
2025-01-18 11:50:53,161:DEBUG:Extracted text from page 14
2025-01-18 11:50:53,193:DEBUG:Extracted text from page 15
2025-01-18 11:50:53,209:DEBUG:Extracted text from page 16
2025-01-18 11:50:53,240:DEBUG:Extracted text from page 17
2025-01-18 11:50:53,258:DEBUG:Extracted text from page 18
2025-01-18 11:50:53,282:DEBUG:Extracted text from page 19
2025-01-18 11:50:53,319:DEBUG:Extracted text from page 20
2025-01-18 11:50:53,337:DEBUG:Extracted text from page 21
2025-01-18 11:50:53,353:DEBUG:Extracted text from page 22
2025-01-18 11:50:53,367:DEBUG:Extracted text from page 23
2025-01-18 11:50:53,398:DEBUG:Extracted text from page 24
2025-01-18 11:50:53,494:DEBUG:Extracted text from page 25
2025-01-18 11:50:53,525:DEBUG:Extracted text from page 26
2025-01-18 11:50:53,559:DEBUG:Extracted text from page 27
2025-01-18 11:50:53,589:DEBUG:Extracted text from page 28
2025-01-18 11:50:53,605:DEBUG:Extracted text from page 29
2025-01-18 11:50:53,621:DEBUG:Extracted text from page 30
2025-01-18 11:50:53,637:DEBUG:Extracted text from page 31
2025-01-18 11:50:53,637:DEBUG:Extracted text from page 32
2025-01-18 11:50:53,637:DEBUG:Extracted text from page 33
2025-01-18 11:50:53,653:DEBUG:Extracted text from page 34
2025-01-18 11:50:53,671:DEBUG:Extracted text from page 35
2025-01-18 11:50:53,671:DEBUG:Extracted text from page 36
2025-01-18 11:50:53,685:DEBUG:Extracted text from page 37
2025-01-18 11:50:57,719:INFO:127.0.0.1 - - [18/Jan/2025 11:50:57] "POST /upload HTTP/1.1" 200 -
2025-01-18 11:50:57,751:INFO:127.0.0.1 - - [18/Jan/2025 11:50:57] "[36mGET /static/style.css HTTP/1.1[0m" 304 -
